-------------------------------------------------------------------------------
Test set: TestSuite
-------------------------------------------------------------------------------
Tests run: 1, Failures: 1, Errors: 0, Skipped: 0, Time elapsed: 13.984 s <<< FAILURE! - in TestSuite
printExcel(com.zoho.zohoTest)  Time elapsed: 2.244 s  <<< FAILURE!
java.lang.IndexOutOfBoundsException: Index: 1, Size: 1
	at com.zoho.zohoTest.printExcel(zohoTest.java:67)

