<?xml version="1.0" encoding="UTF-8"?>
<testng-results skipped="0" failed="0" ignored="0" total="1" passed="1">
  <reporter-output>
  </reporter-output>
  <suite name="Default suite" duration-ms="22806" started-at="2018-12-12T19:58:29Z" finished-at="2018-12-12T19:58:52Z">
    <groups>
    </groups>
    <test name="Default test" duration-ms="22806" started-at="2018-12-12T19:58:29Z" finished-at="2018-12-12T19:58:52Z">
      <class name="POMDesign.AllOrderTest">
        <test-method status="PASS" signature="setUp()[pri:0, instance:POMDesign.AllOrderTest@66a3ffec]" name="setUp" is-config="true" duration-ms="18831" started-at="2018-12-12T19:58:29Z" finished-at="2018-12-12T19:58:48Z">
          <reporter-output>
          </reporter-output>
        </test-method> <!-- setUp -->
        <test-method status="PASS" signature="labelsVerification()[pri:0, instance:POMDesign.AllOrderTest@66a3ffec]" name="labelsVerification" duration-ms="2466" started-at="2018-12-12T19:58:48Z" finished-at="2018-12-12T19:58:50Z">
          <reporter-output>
          </reporter-output>
        </test-method> <!-- labelsVerification -->
        <test-method status="PASS" signature="closeUp()[pri:0, instance:POMDesign.AllOrderTest@66a3ffec]" name="closeUp" is-config="true" duration-ms="1215" started-at="2018-12-12T19:58:50Z" finished-at="2018-12-12T19:58:52Z">
          <reporter-output>
          </reporter-output>
        </test-method> <!-- closeUp -->
      </class> <!-- POMDesign.AllOrderTest -->
    </test> <!-- Default test -->
  </suite> <!-- Default suite -->
</testng-results>
