<?xml version="1.0" encoding="UTF-8"?>
<!-- Generated by org.testng.reporters.JUnitXMLReporter -->
<testsuite hostname="LAPTOP-KAJ8NU67" ignored="2" name="Test" tests="2" failures="0" timestamp="12 Dec 2018 20:08:37 GMT" time="27.903" errors="0">
  <testcase name="loginStatusUsingPOM" time="1.587" classname="POMDesign.WebOrderLoginTest"/>
  <testcase name="labelsVerification" time="4.431" classname="POMDesign.AllOrderTest"/>
  <testcase name="loginUsingPOM" time="0.0" classname="POMDesign.WebOrderLoginTest">
    <ignored/>
  </testcase> <!-- loginUsingPOM -->
  <testcase name="loginPage" time="0.0" classname="POMDesign.WebOrderLoginTest">
    <ignored/>
  </testcase> <!-- loginPage -->
</testsuite> <!-- Test -->
