<?xml version="1.0" encoding="UTF-8"?>
<testng-results skipped="0" failed="0" ignored="0" total="1" passed="1">
  <reporter-output>
  </reporter-output>
  <suite name="Default suite" duration-ms="761" started-at="2019-01-09T14:57:02Z" finished-at="2019-01-09T14:57:03Z">
    <groups>
    </groups>
    <test name="Default test" duration-ms="761" started-at="2019-01-09T14:57:02Z" finished-at="2019-01-09T14:57:03Z">
      <class name="com.booit.tests.NewTest">
        <test-method status="PASS" signature="PostGreSQL()[pri:0, instance:com.booit.tests.NewTest@1bce4f0a]" name="PostGreSQL" duration-ms="593" started-at="2019-01-09T14:57:02Z" finished-at="2019-01-09T14:57:03Z">
          <reporter-output>
          </reporter-output>
        </test-method> <!-- PostGreSQL -->
      </class> <!-- com.booit.tests.NewTest -->
    </test> <!-- Default test -->
  </suite> <!-- Default suite -->
</testng-results>
