<?xml version="1.0" encoding="UTF-8"?>
<!-- Generated by org.testng.reporters.JUnitXMLReporter -->
<testsuite hostname="LAPTOP-KAJ8NU67" ignored="0" name="Test" tests="1" failures="1" timestamp="11 Dec 2018 22:00:30 GMT" time="11.392" errors="0">
  <testcase name="printExcel" time="2.234" classname="com.zoho.zohoTest">
    <failure type="java.lang.IndexOutOfBoundsException" message="Index: 1, Size: 1">
      <![CDATA[java.lang.IndexOutOfBoundsException: Index: 1, Size: 1
at java.util.ArrayList.rangeCheck(Unknown Source)
at java.util.ArrayList.get(Unknown Source)
at com.zoho.zohoTest.printExcel(zohoTest.java:67)
... Removed 29 stack frames]]>
    </failure>
  </testcase> <!-- printExcel -->
</testsuite> <!-- Test -->
