<?xml version="1.0" encoding="UTF-8"?>
<testng-results skipped="0" failed="0" ignored="0" total="1" passed="1">
  <reporter-output>
  </reporter-output>
  <suite name="Default suite" duration-ms="31219" started-at="2018-12-06T17:28:59Z" finished-at="2018-12-06T17:29:30Z">
    <groups>
    </groups>
    <test name="Default test" duration-ms="31219" started-at="2018-12-06T17:28:59Z" finished-at="2018-12-06T17:29:30Z">
      <class name="hayroMaven.yahoo">
        <test-method status="PASS" signature="navigatetoyahoo()[pri:0, instance:hayroMaven.yahoo@3532ec19]" name="navigatetoyahoo" duration-ms="31002" started-at="2018-12-06T17:28:59Z" finished-at="2018-12-06T17:29:30Z">
          <reporter-output>
          </reporter-output>
        </test-method> <!-- navigatetoyahoo -->
      </class> <!-- hayroMaven.yahoo -->
    </test> <!-- Default test -->
  </suite> <!-- Default suite -->
</testng-results>
